<?xml version="1.0" encoding="UTF-8"?>
<testsuite name="de.jensd.addon.ExtensionsRegistryTest" tests="3" skipped="0" failures="0" errors="0" timestamp="2017-02-28T12:50:33" hostname="jdmac.local" time="0.595">
  <properties/>
  <testcase name="testConverter" classname="de.jensd.addon.ExtensionsRegistryTest" time="0.592"/>
  <testcase name="testLoadExtensionsFromJar" classname="de.jensd.addon.ExtensionsRegistryTest" time="0.001"/>
  <testcase name="testLoadExtensions" classname="de.jensd.addon.ExtensionsRegistryTest" time="0.002"/>
  <system-out><![CDATA[2017-02-28 13:50:34,440  INFO --- AddOnRegistryServiceLoader     : Add-on folder: /Users/jens/NetBeansProjects/addon-commons-demo/./addon
2017-02-28 13:50:34,445  INFO --- AddOnRegistryServiceLoader     : Found 0 add-on jars.
2017-02-28 13:50:34,447  INFO --- AddOnRegistryServiceLoader     : Found add-on of type de.jensd.addon.demo.converter.StringConverter at: DarkSideConverter
2017-02-28 13:50:34,448  INFO --- AddOnRegistryServiceLoader     : Found add-on of type de.jensd.addon.demo.converter.StringConverter at: LightSideConverter
2017-02-28 13:50:34,449  INFO --- AddOnRegistryServiceLoader     : Found add-on of type de.jensd.addon.demo.converter.StringConverter at: CastConverter
2017-02-28 13:50:34,459  INFO --- AddOnRegistryServiceLoader     : Add-on folder: /Users/jens/NetBeansProjects/extensions-commons/build/resources/test
2017-02-28 13:50:34,460  INFO --- AddOnRegistryServiceLoader     : Found 0 add-on jars.
2017-02-28 13:50:34,460  INFO --- AddOnRegistryServiceLoader     : Add-on folder: /Users/jens/NetBeansProjects/extensions-commons/build/resources/test
2017-02-28 13:50:34,461  INFO --- AddOnRegistryServiceLoader     : Found 0 add-on jars.
2017-02-28 13:50:34,461  INFO --- AddOnRegistryServiceLoader     : Found add-on of type de.jensd.addon.demo.converter.StringConverter at: DarkSideConverter
2017-02-28 13:50:34,462  INFO --- AddOnRegistryServiceLoader     : Found add-on of type de.jensd.addon.demo.converter.StringConverter at: LightSideConverter
2017-02-28 13:50:34,462  INFO --- AddOnRegistryServiceLoader     : Found add-on of type de.jensd.addon.demo.converter.StringConverter at: CastConverter
]]></system-out>
  <system-err><![CDATA[]]></system-err>
</testsuite>
